{"level":"info","message":"[Scheduler] Job expiry check scheduler initialized (running every minute).","service":"tetrahire","timestamp":"2026-06-29 13:55:31"}
{"level":"info","message":"Server running on PORT 5000","service":"tetrahire","timestamp":"2026-06-29 13:55:31"}
{"level":"warn","message":"Primary database connection failed: connect ECONNREFUSED 127.0.0.1:27017. Attempting MongoMemoryServer fallback...","service":"tetrahire","timestamp":"2026-06-29 13:55:36"}
{"level":"error","message":"Database connection error: Instance failed to start within 10000ms","service":"tetrahire","timestamp":"2026-06-29 13:55:46"}
{"level":"info","message":"[Scheduler] Job expiry check scheduler initialized (running every minute).","service":"tetrahire","timestamp":"2026-06-29 13:56:16"}
{"level":"info","message":"Server running on PORT 5000","service":"tetrahire","timestamp":"2026-06-29 13:56:16"}
{"level":"warn","message":"Primary database connection failed: connect ECONNREFUSED 127.0.0.1:27017. Attempting MongoMemoryServer fallback...","service":"tetrahire","timestamp":"2026-06-29 13:56:21"}
{"level":"info","message":"MongoDB Connected (In-Memory Fallback): 127.0.0.1","service":"tetrahire","timestamp":"2026-06-29 13:56:22"}
{"level":"info","message":"[Scheduler] Job expiry check scheduler initialized (running every minute).","service":"tetrahire","timestamp":"2026-06-29 13:57:21"}
{"level":"info","message":"Server running on PORT 5000","service":"tetrahire","timestamp":"2026-06-29 13:57:21"}
{"level":"warn","message":"Primary database connection failed: connect ECONNREFUSED 127.0.0.1:27017. Attempting MongoMemoryServer fallback...","service":"tetrahire","timestamp":"2026-06-29 13:57:26"}
{"level":"info","message":"MongoDB Connected (In-Memory Fallback): 127.0.0.1","service":"tetrahire","timestamp":"2026-06-29 13:57:28"}
{"ip":"::1","level":"error","message":"POST /api/auth/register - 500 - next is not a function","service":"tetrahire","stack":"TypeError: next is not a function\n    at model.<anonymous> (C:\\Users\\Akira\\Documents\\SpotFix\\TetraHire\\models\\User.js:47:3)\n    at async Kareem.execPre (C:\\Users\\Akira\\Documents\\SpotFix\\TetraHire\\node_modules\\kareem\\index.js:61:24)\n    at async model.$__save (C:\\Users\\Akira\\Documents\\SpotFix\\TetraHire\\node_modules\\mongoose\\lib\\model.js:403:5)\n    at async maybeTracedSave (C:\\Users\\Akira\\Documents\\SpotFix\\TetraHire\\node_modules\\mongoose\\lib\\model.js:675:7)\n    at async model.create (C:\\Users\\Akira\\Documents\\SpotFix\\TetraHire\\node_modules\\mongoose\\lib\\model.js:2763:5)\n    at async exports.register (C:\\Users\\Akira\\Documents\\SpotFix\\TetraHire\\controllers\\authController.js:46:18)","timestamp":"2026-06-29 13:58:07"}
{"level":"info","message":"[Scheduler] Job expiry check scheduler initialized (running every minute).","service":"tetrahire","timestamp":"2026-06-29 13:58:38"}
{"level":"info","message":"Server running on PORT 5000","service":"tetrahire","timestamp":"2026-06-29 13:58:38"}
{"level":"warn","message":"Primary database connection failed: connect ECONNREFUSED 127.0.0.1:27017. Attempting MongoMemoryServer fallback...","service":"tetrahire","timestamp":"2026-06-29 13:58:43"}
{"level":"info","message":"MongoDB Connected (In-Memory Fallback): 127.0.0.1","service":"tetrahire","timestamp":"2026-06-29 13:58:45"}
{"level":"info","message":"[Scheduler] Job expiry check scheduler initialized (running every minute).","service":"tetrahire","timestamp":"2026-06-29 13:59:13"}
{"level":"info","message":"Server running on PORT 5000","service":"tetrahire","timestamp":"2026-06-29 13:59:13"}
{"level":"warn","message":"Primary database connection failed: connect ECONNREFUSED 127.0.0.1:27017. Attempting MongoMemoryServer fallback...","service":"tetrahire","timestamp":"2026-06-29 13:59:18"}
{"level":"info","message":"MongoDB Connected (In-Memory Fallback): 127.0.0.1","service":"tetrahire","timestamp":"2026-06-29 13:59:20"}
{"level":"info","message":"[Scheduler] Job expiry check scheduler initialized (running every minute).","service":"tetrahire","timestamp":"2026-06-29 14:00:02"}
{"level":"info","message":"Server running on PORT 5000","service":"tetrahire","timestamp":"2026-06-29 14:00:02"}
{"level":"warn","message":"Primary database connection failed: connect ECONNREFUSED 127.0.0.1:27017. Attempting MongoMemoryServer fallback...","service":"tetrahire","timestamp":"2026-06-29 14:00:07"}
{"level":"info","message":"MongoDB Connected (In-Memory Fallback): 127.0.0.1","service":"tetrahire","timestamp":"2026-06-29 14:00:08"}
{"level":"info","message":"[Scheduler] Job expiry check scheduler initialized (running every minute).","service":"tetrahire","timestamp":"2026-06-29 14:37:11"}
{"level":"info","message":"Server running on PORT 5000","service":"tetrahire","timestamp":"2026-06-29 14:37:11"}
{"level":"warn","message":"Primary database connection failed: connect ECONNREFUSED 127.0.0.1:27017. Attempting MongoMemoryServer fallback...","service":"tetrahire","timestamp":"2026-06-29 14:37:16"}
{"level":"info","message":"MongoDB Connected (In-Memory Fallback): 127.0.0.1","service":"tetrahire","timestamp":"2026-06-29 14:37:17"}
{"level":"info","message":"[Scheduler] Job expiry check scheduler initialized (running every minute).","service":"tetrahire","timestamp":"2026-06-29 15:00:10"}
{"level":"info","message":"Server running on PORT 5000","service":"tetrahire","timestamp":"2026-06-29 15:00:10"}
{"level":"warn","message":"Primary database connection failed: connect ECONNREFUSED 127.0.0.1:27017. Attempting MongoMemoryServer fallback...","service":"tetrahire","timestamp":"2026-06-29 15:00:15"}
{"level":"info","message":"MongoDB Connected (In-Memory Fallback): 127.0.0.1","service":"tetrahire","timestamp":"2026-06-29 15:00:16"}
{"level":"info","message":"[Scheduler] Job expiry check scheduler initialized (running every minute).","service":"tetrahire","timestamp":"2026-06-29 15:13:08"}
{"level":"info","message":"Server running on PORT 5000","service":"tetrahire","timestamp":"2026-06-29 15:13:08"}
{"level":"error","message":"Database connection error: connect ECONNREFUSED 127.0.0.1:27017","service":"tetrahire","timestamp":"2026-06-29 15:13:13"}
{"level":"info","message":"[Scheduler] Job expiry check scheduler initialized (running every minute).","service":"tetrahire","timestamp":"2026-06-29 15:16:01"}
{"level":"info","message":"Server running on PORT 5000","service":"tetrahire","timestamp":"2026-06-29 15:16:01"}
{"level":"error","message":"Database connection error: querySrv ECONNREFUSED _mongodb._tcp.main-cluster.8yiik87.mongodb.net","service":"tetrahire","timestamp":"2026-06-29 15:16:01"}
{"level":"info","message":"[Scheduler] Job expiry check scheduler initialized (running every minute).","service":"tetrahire","timestamp":"2026-06-29 15:17:31"}
{"level":"info","message":"Server running on PORT 5000","service":"tetrahire","timestamp":"2026-06-29 15:17:31"}
{"level":"error","message":"Database connection error: bad auth : authentication failed","service":"tetrahire","timestamp":"2026-06-29 15:17:32"}
{"level":"info","message":"[Scheduler] Job expiry check scheduler initialized (running every minute).","service":"tetrahire","timestamp":"2026-06-29 16:01:16"}
{"level":"info","message":"Server running on PORT 5000","service":"tetrahire","timestamp":"2026-06-29 16:01:16"}
{"level":"info","message":"MongoDB Connected: ac-zclsx0c-shard-00-00.8yiik87.mongodb.net","service":"tetrahire","timestamp":"2026-06-29 16:01:19"}
{"level":"info","message":"Database: tetrahire","service":"tetrahire","timestamp":"2026-06-29 16:01:19"}
{"level":"info","message":"[Scheduler] Job expiry check scheduler initialized (running every minute).","service":"tetrahire","timestamp":"2026-06-29 16:07:04"}
{"level":"info","message":"Server running on PORT 5000","service":"tetrahire","timestamp":"2026-06-29 16:07:04"}
{"level":"info","message":"MongoDB Connected: ac-zclsx0c-shard-00-01.8yiik87.mongodb.net","service":"tetrahire","timestamp":"2026-06-29 16:07:07"}
{"level":"info","message":"Database: tetrahire","service":"tetrahire","timestamp":"2026-06-29 16:07:07"}
{"ip":"::1","level":"error","message":"POST /api/employer/jobs - 403 - Only verified employers can post new jobs. Your current status is: Pending.","service":"tetrahire","stack":"Error: Only verified employers can post new jobs. Your current status is: Pending.\n    at exports.createJob (C:\\Users\\Akira\\Documents\\SpotFix\\TetraHire\\server\\controllers\\employerController.js:23:13)\n    at process.processTicksAndRejections (node:internal/process/task_queues:104:5)","timestamp":"2026-06-29 16:08:14"}
{"ip":"::1","level":"error","message":"POST /api/employer/jobs - 500 - Job validation failed: experience: Cast to Number failed for value \"3+ years\" (type string) at path \"experience\"","service":"tetrahire","stack":"ValidationError: Job validation failed: experience: Cast to Number failed for value \"3+ years\" (type string) at path \"experience\"\n    at Document.invalidate (C:\\Users\\Akira\\Documents\\SpotFix\\TetraHire\\server\\node_modules\\mongoose\\lib\\document.js:3455:32)\n    at model.$set (C:\\Users\\Akira\\Documents\\SpotFix\\TetraHire\\server\\node_modules\\mongoose\\lib\\document.js:1524:12)\n    at model.$set (C:\\Users\\Akira\\Documents\\SpotFix\\TetraHire\\server\\node_modules\\mongoose\\lib\\document.js:1173:16)\n    at model.Document (C:\\Users\\Akira\\Documents\\SpotFix\\TetraHire\\server\\node_modules\\mongoose\\lib\\document.js:181:12)\n    at model.Model (C:\\Users\\Akira\\Documents\\SpotFix\\TetraHire\\server\\node_modules\\mongoose\\lib\\model.js:143:12)\n    at new model (C:\\Users\\Akira\\Documents\\SpotFix\\TetraHire\\server\\node_modules\\mongoose\\lib\\model.js:4969:15)\n    at model.create (C:\\Users\\Akira\\Documents\\SpotFix\\TetraHire\\server\\node_modules\\mongoose\\lib\\model.js:2760:16)\n    at exports.createJob (C:\\Users\\Akira\\Documents\\SpotFix\\TetraHire\\server\\controllers\\employerController.js:28:27)\n    at process.processTicksAndRejections (node:internal/process/task_queues:104:5)","timestamp":"2026-06-29 16:08:16"}
{"ip":"::1","level":"error","message":"GET /api/candidate/jobs/undefined - 500 - Cast to ObjectId failed for value \"undefined\" (type string) at path \"_id\" for model \"Job\"","service":"tetrahire","stack":"CastError: Cast to ObjectId failed for value \"undefined\" (type string) at path \"_id\" for model \"Job\"\n    at SchemaObjectId.cast (C:\\Users\\Akira\\Documents\\SpotFix\\TetraHire\\server\\node_modules\\mongoose\\lib\\schema\\objectId.js:252:11)\n    at SchemaType.applySetters (C:\\Users\\Akira\\Documents\\SpotFix\\TetraHire\\server\\node_modules\\mongoose\\lib\\schemaType.js:1373:12)\n    at SchemaType.castForQuery (C:\\Users\\Akira\\Documents\\SpotFix\\TetraHire\\server\\node_modules\\mongoose\\lib\\schemaType.js:1793:17)\n    at cast (C:\\Users\\Akira\\Documents\\SpotFix\\TetraHire\\server\\node_modules\\mongoose\\lib\\cast.js:386:32)\n    at Query.cast (C:\\Users\\Akira\\Documents\\SpotFix\\TetraHire\\server\\node_modules\\mongoose\\lib\\query.js:5228:12)\n    at Query._castConditions (C:\\Users\\Akira\\Documents\\SpotFix\\TetraHire\\server\\node_modules\\mongoose\\lib\\query.js:2411:10)\n    at model.Query._findOne (C:\\Users\\Akira\\Documents\\SpotFix\\TetraHire\\server\\node_modules\\mongoose\\lib\\query.js:2758:8)\n    at maybeTracedQueryExec (C:\\Users\\Akira\\Documents\\SpotFix\\TetraHire\\server\\node_modules\\mongoose\\lib\\query.js:4801:83)\n    at process.processTicksAndRejections (node:internal/process/task_queues:104:5)\n    at async exports.getJobById (C:\\Users\\Akira\\Documents\\SpotFix\\TetraHire\\server\\controllers\\candidateController.js:284:17)","timestamp":"2026-06-29 16:08:16"}
{"ip":"::1","level":"error","message":"POST /api/candidate/saved-jobs - 400 - jobId is required.","service":"tetrahire","stack":"Error: jobId is required.\n    at exports.saveJob (C:\\Users\\Akira\\Documents\\SpotFix\\TetraHire\\server\\controllers\\candidateController.js:84:13)\n    at Layer.handleRequest (C:\\Users\\Akira\\Documents\\SpotFix\\TetraHire\\server\\node_modules\\router\\lib\\layer.js:152:17)\n    at next (C:\\Users\\Akira\\Documents\\SpotFix\\TetraHire\\server\\node_modules\\router\\lib\\route.js:157:13)\n    at Route.dispatch (C:\\Users\\Akira\\Documents\\SpotFix\\TetraHire\\server\\node_modules\\router\\lib\\route.js:117:3)\n    at handle (C:\\Users\\Akira\\Documents\\SpotFix\\TetraHire\\server\\node_modules\\router\\index.js:435:11)\n    at Layer.handleRequest (C:\\Users\\Akira\\Documents\\SpotFix\\TetraHire\\server\\node_modules\\router\\lib\\layer.js:152:17)\n    at C:\\Users\\Akira\\Documents\\SpotFix\\TetraHire\\server\\node_modules\\router\\index.js:295:15\n    at processParams (C:\\Users\\Akira\\Documents\\SpotFix\\TetraHire\\server\\node_modules\\router\\index.js:582:12)\n    at next (C:\\Users\\Akira\\Documents\\SpotFix\\TetraHire\\server\\node_modules\\router\\index.js:291:5)\n    at C:\\Users\\Akira\\Documents\\SpotFix\\TetraHire\\server\\middleware\\auth.js:38:5","timestamp":"2026-06-29 16:08:16"}
{"level":"info","message":"[Scheduler] Job expiry check scheduler initialized (running every minute).","service":"tetrahire","timestamp":"2026-06-29 16:08:57"}
{"level":"info","message":"Server running on PORT 5000","service":"tetrahire","timestamp":"2026-06-29 16:08:57"}
{"level":"info","message":"MongoDB Connected: ac-zclsx0c-shard-00-01.8yiik87.mongodb.net","service":"tetrahire","timestamp":"2026-06-29 16:08:59"}
{"level":"info","message":"Database: tetrahire","service":"tetrahire","timestamp":"2026-06-29 16:08:59"}
{"ip":"::1","level":"error","message":"POST /api/auth/login - 401 - Invalid credentials.","service":"tetrahire","stack":"Error: Invalid credentials.\n    at exports.login (C:\\Users\\Akira\\Documents\\SpotFix\\TetraHire\\server\\controllers\\authController.js:90:13)","timestamp":"2026-06-29 16:09:40"}
{"ip":"::1","level":"error","message":"POST /api/auth/register - 400 - User already registered with this email.","service":"tetrahire","stack":"Error: User already registered with this email.\n    at exports.register (C:\\Users\\Akira\\Documents\\SpotFix\\TetraHire\\server\\controllers\\authController.js:38:13)\n    at process.processTicksAndRejections (node:internal/process/task_queues:104:5)","timestamp":"2026-06-29 16:10:15"}
{"ip":"::1","level":"error","message":"POST /api/auth/login - 401 - Invalid credentials.","service":"tetrahire","stack":"Error: Invalid credentials.\n    at exports.login (C:\\Users\\Akira\\Documents\\SpotFix\\TetraHire\\server\\controllers\\authController.js:90:13)","timestamp":"2026-06-29 16:10:59"}
{"ip":"::1","level":"error","message":"POST /api/employer/jobs - 403 - Only verified employers can post new jobs. Your current status is: Pending.","service":"tetrahire","stack":"Error: Only verified employers can post new jobs. Your current status is: Pending.\n    at exports.createJob (C:\\Users\\Akira\\Documents\\SpotFix\\TetraHire\\server\\controllers\\employerController.js:23:13)\n    at process.processTicksAndRejections (node:internal/process/task_queues:104:5)","timestamp":"2026-06-29 16:11:10"}
{"level":"info","message":"[Scheduler] Job expiry check scheduler initialized (running every minute).","service":"tetrahire","timestamp":"2026-06-29 16:28:28"}
{"level":"info","message":"Server running on PORT 5000","service":"tetrahire","timestamp":"2026-06-29 16:28:28"}
{"level":"info","message":"MongoDB Connected: ac-zclsx0c-shard-00-02.8yiik87.mongodb.net","service":"tetrahire","timestamp":"2026-06-29 16:28:31"}
{"level":"info","message":"Database: tetrahire","service":"tetrahire","timestamp":"2026-06-29 16:28:31"}
{"level":"info","message":"Fetching jobs from Arbeitnow API...","service":"tetrahire","timestamp":"2026-06-29 16:29:48"}
{"level":"info","message":"Successfully fetched and cached 100 jobs from Arbeitnow.","service":"tetrahire","timestamp":"2026-06-29 16:29:50"}
{"level":"info","message":"Returning Arbeitnow jobs from cache.","service":"tetrahire","timestamp":"2026-06-29 16:29:50"}
{"level":"info","message":"Returning Arbeitnow jobs from cache.","service":"tetrahire","timestamp":"2026-06-29 16:29:50"}
{"level":"info","message":"Returning Arbeitnow jobs from cache.","service":"tetrahire","timestamp":"2026-06-29 16:29:50"}
{"level":"info","message":"Returning Arbeitnow jobs from cache.","service":"tetrahire","timestamp":"2026-06-29 16:29:51"}
{"level":"info","message":"Returning Arbeitnow jobs from cache.","service":"tetrahire","timestamp":"2026-06-29 16:29:51"}
{"level":"info","message":"Returning Arbeitnow jobs from cache.","service":"tetrahire","timestamp":"2026-06-29 16:29:51"}
{"level":"info","message":"Returning Arbeitnow jobs from cache.","service":"tetrahire","timestamp":"2026-06-29 16:29:51"}
{"level":"info","message":"Returning Arbeitnow jobs from cache.","service":"tetrahire","timestamp":"2026-06-29 16:30:03"}
{"level":"info","message":"Returning Arbeitnow jobs from cache.","service":"tetrahire","timestamp":"2026-06-29 16:30:03"}
{"level":"info","message":"Returning Arbeitnow jobs from cache.","service":"tetrahire","timestamp":"2026-06-29 16:30:34"}
{"level":"info","message":"Returning Arbeitnow jobs from cache.","service":"tetrahire","timestamp":"2026-06-29 16:30:34"}
{"level":"info","message":"Returning Arbeitnow jobs from cache.","service":"tetrahire","timestamp":"2026-06-29 16:31:25"}
{"level":"info","message":"Returning Arbeitnow jobs from cache.","service":"tetrahire","timestamp":"2026-06-29 16:31:25"}
{"level":"info","message":"Returning Arbeitnow jobs from cache.","service":"tetrahire","timestamp":"2026-06-29 16:32:17"}
{"level":"info","message":"Returning Arbeitnow jobs from cache.","service":"tetrahire","timestamp":"2026-06-29 16:32:17"}
{"level":"info","message":"Returning Arbeitnow jobs from cache.","service":"tetrahire","timestamp":"2026-06-29 16:32:36"}
{"level":"info","message":"Returning Arbeitnow jobs from cache.","service":"tetrahire","timestamp":"2026-06-29 16:32:37"}
{"level":"info","message":"Returning Arbeitnow jobs from cache.","service":"tetrahire","timestamp":"2026-06-29 16:32:47"}
{"level":"info","message":"Returning Arbeitnow jobs from cache.","service":"tetrahire","timestamp":"2026-06-29 16:32:47"}
{"level":"info","message":"Returning Arbeitnow jobs from cache.","service":"tetrahire","timestamp":"2026-06-29 16:33:28"}
{"level":"info","message":"Returning Arbeitnow jobs from cache.","service":"tetrahire","timestamp":"2026-06-29 16:33:28"}
{"level":"info","message":"Returning Arbeitnow jobs from cache.","service":"tetrahire","timestamp":"2026-06-29 16:34:49"}
{"level":"info","message":"Returning Arbeitnow jobs from cache.","service":"tetrahire","timestamp":"2026-06-29 16:34:49"}
{"ip":"::1","level":"error","message":"GET /api/notifications - 401 - Access token is missing. Please log in first.","service":"tetrahire","stack":"Error: Access token is missing. Please log in first.\n    at protect (C:\\Users\\Akira\\Documents\\SpotFix\\TetraHire\\server\\middleware\\auth.js:13:17)\n    at Layer.handleRequest (C:\\Users\\Akira\\Documents\\SpotFix\\TetraHire\\server\\node_modules\\router\\lib\\layer.js:152:17)\n    at trimPrefix (C:\\Users\\Akira\\Documents\\SpotFix\\TetraHire\\server\\node_modules\\router\\index.js:342:13)\n    at C:\\Users\\Akira\\Documents\\SpotFix\\TetraHire\\server\\node_modules\\router\\index.js:297:9\n    at processParams (C:\\Users\\Akira\\Documents\\SpotFix\\TetraHire\\server\\node_modules\\router\\index.js:582:12)\n    at next (C:\\Users\\Akira\\Documents\\SpotFix\\TetraHire\\server\\node_modules\\router\\index.js:291:5)\n    at router.handle (C:\\Users\\Akira\\Documents\\SpotFix\\TetraHire\\server\\node_modules\\router\\index.js:186:3)\n    at router (C:\\Users\\Akira\\Documents\\SpotFix\\TetraHire\\server\\node_modules\\router\\index.js:60:12)\n    at Layer.handleRequest (C:\\Users\\Akira\\Documents\\SpotFix\\TetraHire\\server\\node_modules\\router\\lib\\layer.js:152:17)\n    at trimPrefix (C:\\Users\\Akira\\Documents\\SpotFix\\TetraHire\\server\\node_modules\\router\\index.js:342:13)","timestamp":"2026-06-29 16:35:38"}
{"ip":"::1","level":"error","message":"POST /api/auth/login - 401 - Invalid credentials.","service":"tetrahire","stack":"Error: Invalid credentials.\n    at exports.login (C:\\Users\\Akira\\Documents\\SpotFix\\TetraHire\\server\\controllers\\authController.js:85:13)\n    at process.processTicksAndRejections (node:internal/process/task_queues:104:5)","timestamp":"2026-06-29 16:36:01"}
{"level":"info","message":"Returning Arbeitnow jobs from cache.","service":"tetrahire","timestamp":"2026-06-29 16:36:30"}
{"level":"info","message":"Returning Arbeitnow jobs from cache.","service":"tetrahire","timestamp":"2026-06-29 16:36:30"}
{"level":"info","message":"Returning Arbeitnow jobs from cache.","service":"tetrahire","timestamp":"2026-06-29 16:37:14"}
{"level":"info","message":"Returning Arbeitnow jobs from cache.","service":"tetrahire","timestamp":"2026-06-29 16:37:14"}
{"level":"info","message":"Returning Arbeitnow jobs from cache.","service":"tetrahire","timestamp":"2026-06-29 16:38:12"}
{"level":"info","message":"Returning Arbeitnow jobs from cache.","service":"tetrahire","timestamp":"2026-06-29 16:38:13"}
{"level":"info","message":"Returning Arbeitnow jobs from cache.","service":"tetrahire","timestamp":"2026-06-29 16:38:19"}
{"level":"info","message":"Returning Arbeitnow jobs from cache.","service":"tetrahire","timestamp":"2026-06-29 16:38:22"}
{"level":"info","message":"Returning Arbeitnow jobs from cache.","service":"tetrahire","timestamp":"2026-06-29 16:38:25"}
{"level":"info","message":"Returning Arbeitnow jobs from cache.","service":"tetrahire","timestamp":"2026-06-29 16:38:27"}
{"level":"info","message":"Returning Arbeitnow jobs from cache.","service":"tetrahire","timestamp":"2026-06-29 16:38:31"}
{"level":"info","message":"Returning Arbeitnow jobs from cache.","service":"tetrahire","timestamp":"2026-06-29 16:38:41"}
{"level":"info","message":"Returning Arbeitnow jobs from cache.","service":"tetrahire","timestamp":"2026-06-29 16:38:44"}
{"level":"info","message":"Returning Arbeitnow jobs from cache.","service":"tetrahire","timestamp":"2026-06-29 16:39:01"}
{"level":"info","message":"Returning Arbeitnow jobs from cache.","service":"tetrahire","timestamp":"2026-06-29 16:39:01"}
{"level":"info","message":"Returning Arbeitnow jobs from cache.","service":"tetrahire","timestamp":"2026-06-29 16:39:24"}
{"level":"info","message":"Returning Arbeitnow jobs from cache.","service":"tetrahire","timestamp":"2026-06-29 16:39:24"}
{"level":"info","message":"Returning Arbeitnow jobs from cache.","service":"tetrahire","timestamp":"2026-06-29 16:39:27"}
{"level":"info","message":"Returning Arbeitnow jobs from cache.","service":"tetrahire","timestamp":"2026-06-29 16:39:27"}
{"level":"info","message":"Returning Arbeitnow jobs from cache.","service":"tetrahire","timestamp":"2026-06-29 16:39:39"}
{"level":"info","message":"Returning Arbeitnow jobs from cache.","service":"tetrahire","timestamp":"2026-06-29 16:39:39"}
{"ip":"::1","level":"error","message":"POST /api/auth/login - 401 - Invalid credentials.","service":"tetrahire","stack":"Error: Invalid credentials.\n    at exports.login (C:\\Users\\Akira\\Documents\\SpotFix\\TetraHire\\server\\controllers\\authController.js:90:13)","timestamp":"2026-06-29 16:40:13"}
{"level":"info","message":"Returning Arbeitnow jobs from cache.","service":"tetrahire","timestamp":"2026-06-29 16:40:41"}
{"level":"info","message":"Returning Arbeitnow jobs from cache.","service":"tetrahire","timestamp":"2026-06-29 16:40:41"}
{"ip":"::1","level":"error","message":"POST /api/auth/register - 400 - User already registered with this email.","service":"tetrahire","stack":"Error: User already registered with this email.\n    at exports.register (C:\\Users\\Akira\\Documents\\SpotFix\\TetraHire\\server\\controllers\\authController.js:38:13)\n    at process.processTicksAndRejections (node:internal/process/task_queues:104:5)","timestamp":"2026-06-29 16:40:50"}
{"level":"info","message":"Returning Arbeitnow jobs from cache.","service":"tetrahire","timestamp":"2026-06-29 16:41:08"}
{"level":"info","message":"Returning Arbeitnow jobs from cache.","service":"tetrahire","timestamp":"2026-06-29 16:41:08"}
{"level":"info","message":"Returning Arbeitnow jobs from cache.","service":"tetrahire","timestamp":"2026-06-29 16:41:10"}
{"level":"info","message":"Returning Arbeitnow jobs from cache.","service":"tetrahire","timestamp":"2026-06-29 16:41:10"}
{"level":"info","message":"Returning Arbeitnow jobs from cache.","service":"tetrahire","timestamp":"2026-06-29 16:41:10"}
{"level":"info","message":"Returning Arbeitnow jobs from cache.","service":"tetrahire","timestamp":"2026-06-29 16:41:11"}
{"level":"info","message":"Returning Arbeitnow jobs from cache.","service":"tetrahire","timestamp":"2026-06-29 16:41:13"}
{"level":"info","message":"Returning Arbeitnow jobs from cache.","service":"tetrahire","timestamp":"2026-06-29 16:41:13"}
{"level":"info","message":"Returning Arbeitnow jobs from cache.","service":"tetrahire","timestamp":"2026-06-29 16:41:44"}
{"level":"info","message":"Returning Arbeitnow jobs from cache.","service":"tetrahire","timestamp":"2026-06-29 16:41:44"}
{"level":"info","message":"Returning Arbeitnow jobs from cache.","service":"tetrahire","timestamp":"2026-06-29 16:42:17"}
{"level":"info","message":"Returning Arbeitnow jobs from cache.","service":"tetrahire","timestamp":"2026-06-29 16:42:17"}
{"level":"info","message":"Returning Arbeitnow jobs from cache.","service":"tetrahire","timestamp":"2026-06-29 16:42:38"}
{"level":"info","message":"Returning Arbeitnow jobs from cache.","service":"tetrahire","timestamp":"2026-06-29 16:42:38"}
{"level":"info","message":"Returning Arbeitnow jobs from cache.","service":"tetrahire","timestamp":"2026-06-29 16:45:14"}
{"level":"info","message":"Returning Arbeitnow jobs from cache.","service":"tetrahire","timestamp":"2026-06-29 16:45:14"}
{"level":"info","message":"Returning Arbeitnow jobs from cache.","service":"tetrahire","timestamp":"2026-06-29 16:47:55"}
{"level":"info","message":"Returning Arbeitnow jobs from cache.","service":"tetrahire","timestamp":"2026-06-29 16:47:55"}
{"level":"info","message":"Returning Arbeitnow jobs from cache.","service":"tetrahire","timestamp":"2026-06-29 16:47:57"}
{"level":"info","message":"Returning Arbeitnow jobs from cache.","service":"tetrahire","timestamp":"2026-06-29 16:47:57"}
{"level":"info","message":"Returning Arbeitnow jobs from cache.","service":"tetrahire","timestamp":"2026-06-29 16:48:00"}
{"level":"info","message":"Returning Arbeitnow jobs from cache.","service":"tetrahire","timestamp":"2026-06-29 16:48:00"}
{"level":"info","message":"Returning Arbeitnow jobs from cache.","service":"tetrahire","timestamp":"2026-06-29 16:48:10"}
{"level":"info","message":"Returning Arbeitnow jobs from cache.","service":"tetrahire","timestamp":"2026-06-29 16:48:15"}
{"level":"info","message":"Returning Arbeitnow jobs from cache.","service":"tetrahire","timestamp":"2026-06-29 16:48:19"}
{"level":"info","message":"Returning Arbeitnow jobs from cache.","service":"tetrahire","timestamp":"2026-06-29 16:48:19"}
{"level":"info","message":"Returning Arbeitnow jobs from cache.","service":"tetrahire","timestamp":"2026-06-29 16:48:28"}
{"level":"info","message":"Returning Arbeitnow jobs from cache.","service":"tetrahire","timestamp":"2026-06-29 16:48:28"}
{"level":"info","message":"Returning Arbeitnow jobs from cache.","service":"tetrahire","timestamp":"2026-06-29 16:48:37"}
{"level":"info","message":"Returning Arbeitnow jobs from cache.","service":"tetrahire","timestamp":"2026-06-29 16:48:43"}
{"level":"info","message":"Returning Arbeitnow jobs from cache.","service":"tetrahire","timestamp":"2026-06-29 16:48:43"}
{"level":"info","message":"Returning Arbeitnow jobs from cache.","service":"tetrahire","timestamp":"2026-06-29 16:48:46"}
{"level":"info","message":"Returning Arbeitnow jobs from cache.","service":"tetrahire","timestamp":"2026-06-29 16:48:54"}
{"level":"info","message":"Returning Arbeitnow jobs from cache.","service":"tetrahire","timestamp":"2026-06-29 16:49:00"}
{"level":"info","message":"Returning Arbeitnow jobs from cache.","service":"tetrahire","timestamp":"2026-06-29 16:49:03"}
{"level":"info","message":"Returning Arbeitnow jobs from cache.","service":"tetrahire","timestamp":"2026-06-29 16:49:10"}
{"level":"info","message":"Returning Arbeitnow jobs from cache.","service":"tetrahire","timestamp":"2026-06-29 16:49:14"}
{"level":"info","message":"Returning Arbeitnow jobs from cache.","service":"tetrahire","timestamp":"2026-06-29 16:49:17"}
{"level":"info","message":"Returning Arbeitnow jobs from cache.","service":"tetrahire","timestamp":"2026-06-29 16:49:19"}
{"level":"info","message":"Returning Arbeitnow jobs from cache.","service":"tetrahire","timestamp":"2026-06-29 16:49:25"}
{"level":"info","message":"Returning Arbeitnow jobs from cache.","service":"tetrahire","timestamp":"2026-06-29 16:49:41"}
{"level":"info","message":"Returning Arbeitnow jobs from cache.","service":"tetrahire","timestamp":"2026-06-29 16:49:41"}
{"level":"info","message":"Returning Arbeitnow jobs from cache.","service":"tetrahire","timestamp":"2026-06-29 16:49:49"}
{"level":"info","message":"Returning Arbeitnow jobs from cache.","service":"tetrahire","timestamp":"2026-06-29 16:49:49"}
{"level":"info","message":"Returning Arbeitnow jobs from cache.","service":"tetrahire","timestamp":"2026-06-29 16:49:50"}
{"level":"info","message":"Returning Arbeitnow jobs from cache.","service":"tetrahire","timestamp":"2026-06-29 16:49:50"}
{"level":"info","message":"Returning Arbeitnow jobs from cache.","service":"tetrahire","timestamp":"2026-06-29 16:49:51"}
{"level":"info","message":"Returning Arbeitnow jobs from cache.","service":"tetrahire","timestamp":"2026-06-29 16:49:51"}
{"level":"info","message":"Returning Arbeitnow jobs from cache.","service":"tetrahire","timestamp":"2026-06-29 16:49:54"}
{"level":"info","message":"Returning Arbeitnow jobs from cache.","service":"tetrahire","timestamp":"2026-06-29 16:49:55"}
{"level":"info","message":"Returning Arbeitnow jobs from cache.","service":"tetrahire","timestamp":"2026-06-29 16:49:55"}
{"level":"info","message":"Returning Arbeitnow jobs from cache.","service":"tetrahire","timestamp":"2026-06-29 16:49:56"}
{"level":"info","message":"Returning Arbeitnow jobs from cache.","service":"tetrahire","timestamp":"2026-06-29 16:49:57"}
{"level":"info","message":"Returning Arbeitnow jobs from cache.","service":"tetrahire","timestamp":"2026-06-29 16:49:57"}
{"level":"info","message":"Returning Arbeitnow jobs from cache.","service":"tetrahire","timestamp":"2026-06-29 16:49:58"}
{"level":"info","message":"Returning Arbeitnow jobs from cache.","service":"tetrahire","timestamp":"2026-06-29 16:49:59"}
{"level":"info","message":"Returning Arbeitnow jobs from cache.","service":"tetrahire","timestamp":"2026-06-29 16:49:59"}
{"level":"info","message":"Returning Arbeitnow jobs from cache.","service":"tetrahire","timestamp":"2026-06-29 16:50:57"}
{"level":"info","message":"Returning Arbeitnow jobs from cache.","service":"tetrahire","timestamp":"2026-06-29 16:50:57"}
{"level":"info","message":"Returning Arbeitnow jobs from cache.","service":"tetrahire","timestamp":"2026-06-29 16:51:03"}
{"level":"info","message":"Returning Arbeitnow jobs from cache.","service":"tetrahire","timestamp":"2026-06-29 16:51:03"}
{"level":"info","message":"Returning Arbeitnow jobs from cache.","service":"tetrahire","timestamp":"2026-06-29 16:51:52"}
{"level":"info","message":"Returning Arbeitnow jobs from cache.","service":"tetrahire","timestamp":"2026-06-29 16:51:52"}
{"level":"info","message":"Returning Arbeitnow jobs from cache.","service":"tetrahire","timestamp":"2026-06-29 16:54:03"}
{"level":"info","message":"Returning Arbeitnow jobs from cache.","service":"tetrahire","timestamp":"2026-06-29 16:54:03"}
{"level":"info","message":"Returning Arbeitnow jobs from cache.","service":"tetrahire","timestamp":"2026-06-29 16:54:03"}
{"level":"info","message":"Returning Arbeitnow jobs from cache.","service":"tetrahire","timestamp":"2026-06-29 16:54:03"}
{"level":"info","message":"Returning Arbeitnow jobs from cache.","service":"tetrahire","timestamp":"2026-06-29 16:54:03"}
{"level":"info","message":"Returning Arbeitnow jobs from cache.","service":"tetrahire","timestamp":"2026-06-29 16:54:04"}
{"level":"info","message":"Returning Arbeitnow jobs from cache.","service":"tetrahire","timestamp":"2026-06-29 16:54:04"}
{"level":"info","message":"Returning Arbeitnow jobs from cache.","service":"tetrahire","timestamp":"2026-06-29 16:54:04"}
{"level":"info","message":"Returning Arbeitnow jobs from cache.","service":"tetrahire","timestamp":"2026-06-29 16:54:33"}
{"level":"info","message":"Returning Arbeitnow jobs from cache.","service":"tetrahire","timestamp":"2026-06-29 16:54:33"}
{"level":"info","message":"Returning Arbeitnow jobs from cache.","service":"tetrahire","timestamp":"2026-06-29 16:54:53"}
{"level":"info","message":"Returning Arbeitnow jobs from cache.","service":"tetrahire","timestamp":"2026-06-29 16:54:53"}
{"level":"info","message":"Returning Arbeitnow jobs from cache.","service":"tetrahire","timestamp":"2026-06-29 16:55:14"}
{"level":"info","message":"Returning Arbeitnow jobs from cache.","service":"tetrahire","timestamp":"2026-06-29 16:55:14"}
{"level":"info","message":"Returning Arbeitnow jobs from cache.","service":"tetrahire","timestamp":"2026-06-29 16:55:27"}
{"level":"info","message":"Returning Arbeitnow jobs from cache.","service":"tetrahire","timestamp":"2026-06-29 16:55:35"}
{"level":"info","message":"Returning Arbeitnow jobs from cache.","service":"tetrahire","timestamp":"2026-06-29 16:55:35"}
{"ip":"::1","level":"error","message":"POST /api/auth/login - 401 - Invalid credentials.","service":"tetrahire","stack":"Error: Invalid credentials.\n    at exports.login (C:\\Users\\Akira\\Documents\\SpotFix\\TetraHire\\server\\controllers\\authController.js:90:13)","timestamp":"2026-06-29 16:55:50"}
{"level":"info","message":"Returning Arbeitnow jobs from cache.","service":"tetrahire","timestamp":"2026-06-29 16:56:09"}
{"level":"info","message":"Returning Arbeitnow jobs from cache.","service":"tetrahire","timestamp":"2026-06-29 16:56:09"}
{"level":"info","message":"Returning Arbeitnow jobs from cache.","service":"tetrahire","timestamp":"2026-06-29 16:56:17"}
{"level":"info","message":"Returning Arbeitnow jobs from cache.","service":"tetrahire","timestamp":"2026-06-29 16:56:17"}
{"level":"info","message":"Returning Arbeitnow jobs from cache.","service":"tetrahire","timestamp":"2026-06-29 16:56:17"}
{"level":"info","message":"Returning Arbeitnow jobs from cache.","service":"tetrahire","timestamp":"2026-06-29 16:56:37"}
{"level":"info","message":"Returning Arbeitnow jobs from cache.","service":"tetrahire","timestamp":"2026-06-29 16:56:37"}
{"level":"info","message":"Returning Arbeitnow jobs from cache.","service":"tetrahire","timestamp":"2026-06-29 16:56:45"}
{"level":"info","message":"Returning Arbeitnow jobs from cache.","service":"tetrahire","timestamp":"2026-06-29 16:56:45"}
{"level":"info","message":"Returning Arbeitnow jobs from cache.","service":"tetrahire","timestamp":"2026-06-29 16:57:58"}
{"level":"info","message":"Returning Arbeitnow jobs from cache.","service":"tetrahire","timestamp":"2026-06-29 16:57:58"}
{"level":"info","message":"Fetching jobs from Arbeitnow API...","service":"tetrahire","timestamp":"2026-06-29 17:01:44"}
{"level":"info","message":"Successfully fetched and cached 100 jobs from Arbeitnow.","service":"tetrahire","timestamp":"2026-06-29 17:01:46"}
{"level":"info","message":"Returning Arbeitnow jobs from cache.","service":"tetrahire","timestamp":"2026-06-29 17:01:46"}
{"level":"info","message":"Returning Arbeitnow jobs from cache.","service":"tetrahire","timestamp":"2026-06-29 17:01:47"}
{"level":"info","message":"Returning Arbeitnow jobs from cache.","service":"tetrahire","timestamp":"2026-06-29 17:01:57"}
{"level":"info","message":"Returning Arbeitnow jobs from cache.","service":"tetrahire","timestamp":"2026-06-29 17:01:57"}
{"level":"info","message":"Returning Arbeitnow jobs from cache.","service":"tetrahire","timestamp":"2026-06-29 17:01:57"}
{"level":"info","message":"Returning Arbeitnow jobs from cache.","service":"tetrahire","timestamp":"2026-06-29 17:02:20"}
{"level":"info","message":"Returning Arbeitnow jobs from cache.","service":"tetrahire","timestamp":"2026-06-29 17:02:20"}
{"level":"info","message":"Returning Arbeitnow jobs from cache.","service":"tetrahire","timestamp":"2026-06-29 17:02:41"}
{"level":"info","message":"Returning Arbeitnow jobs from cache.","service":"tetrahire","timestamp":"2026-06-29 17:02:43"}
{"level":"info","message":"Returning Arbeitnow jobs from cache.","service":"tetrahire","timestamp":"2026-06-29 17:02:44"}
{"level":"info","message":"Returning Arbeitnow jobs from cache.","service":"tetrahire","timestamp":"2026-06-29 17:03:31"}
{"level":"info","message":"Returning Arbeitnow jobs from cache.","service":"tetrahire","timestamp":"2026-06-29 17:03:31"}
{"level":"info","message":"Returning Arbeitnow jobs from cache.","service":"tetrahire","timestamp":"2026-06-29 17:03:31"}
{"level":"info","message":"Returning Arbeitnow jobs from cache.","service":"tetrahire","timestamp":"2026-06-29 17:03:32"}
{"level":"info","message":"Returning Arbeitnow jobs from cache.","service":"tetrahire","timestamp":"2026-06-29 17:03:32"}
{"level":"info","message":"Returning Arbeitnow jobs from cache.","service":"tetrahire","timestamp":"2026-06-29 17:03:32"}
{"level":"info","message":"Returning Arbeitnow jobs from cache.","service":"tetrahire","timestamp":"2026-06-29 17:03:37"}
{"level":"info","message":"Returning Arbeitnow jobs from cache.","service":"tetrahire","timestamp":"2026-06-29 17:03:37"}
{"ip":"::1","level":"error","message":"GET /api/notifications - 500 - getaddrinfo ENOTFOUND ac-zclsx0c-shard-00-02.8yiik87.mongodb.net","service":"tetrahire","stack":"MongoServerSelectionError: getaddrinfo ENOTFOUND ac-zclsx0c-shard-00-02.8yiik87.mongodb.net\n    at Topology.selectServer (C:\\Users\\Akira\\Documents\\SpotFix\\TetraHire\\server\\node_modules\\mongoose\\node_modules\\mongodb\\lib\\sdam\\topology.js:348:38)\n    at async executeOperationWithRetries (C:\\Users\\Akira\\Documents\\SpotFix\\TetraHire\\server\\node_modules\\mongoose\\node_modules\\mongodb\\lib\\operations\\execute_operation.js:157:18)\n    at async executeOperation (C:\\Users\\Akira\\Documents\\SpotFix\\TetraHire\\server\\node_modules\\mongoose\\node_modules\\mongodb\\lib\\operations\\execute_operation.js:83:16)\n    at async FindCursor._initialize (C:\\Users\\Akira\\Documents\\SpotFix\\TetraHire\\server\\node_modules\\mongoose\\node_modules\\mongodb\\lib\\cursor\\find_cursor.js:62:26)\n    at async FindCursor.cursorInit (C:\\Users\\Akira\\Documents\\SpotFix\\TetraHire\\server\\node_modules\\mongoose\\node_modules\\mongodb\\lib\\cursor\\abstract_cursor.js:620:27)\n    at async FindCursor.fetchBatch (C:\\Users\\Akira\\Documents\\SpotFix\\TetraHire\\server\\node_modules\\mongoose\\node_modules\\mongodb\\lib\\cursor\\abstract_cursor.js:654:13)\n    at async FindCursor.next (C:\\Users\\Akira\\Documents\\SpotFix\\TetraHire\\server\\node_modules\\mongoose\\node_modules\\mongodb\\lib\\cursor\\abstract_cursor.js:326:17)\n    at async [Symbol.asyncIterator] (C:\\Users\\Akira\\Documents\\SpotFix\\TetraHire\\server\\node_modules\\mongoose\\node_modules\\mongodb\\lib\\cursor\\abstract_cursor.js:254:34)\n    at async FindCursor.toArray (C:\\Users\\Akira\\Documents\\SpotFix\\TetraHire\\server\\node_modules\\mongoose\\node_modules\\mongodb\\lib\\cursor\\abstract_cursor.js:406:26)\n    at async model.Query._find (C:\\Users\\Akira\\Documents\\SpotFix\\TetraHire\\server\\node_modules\\mongoose\\lib\\query.js:2475:14)","timestamp":"2026-06-29 17:06:17"}
{"ip":"::1","level":"error","message":"GET /api/notifications - 500 - jwt expired","service":"tetrahire","stack":"TokenExpiredError: jwt expired\n    at C:\\Users\\Akira\\Documents\\SpotFix\\TetraHire\\server\\node_modules\\jsonwebtoken\\verify.js:190:21\n    at getSecret (C:\\Users\\Akira\\Documents\\SpotFix\\TetraHire\\server\\node_modules\\jsonwebtoken\\verify.js:97:14)\n    at module.exports [as verify] (C:\\Users\\Akira\\Documents\\SpotFix\\TetraHire\\server\\node_modules\\jsonwebtoken\\verify.js:101:10)\n    at protect (C:\\Users\\Akira\\Documents\\SpotFix\\TetraHire\\server\\middleware\\auth.js:17:25)\n    at Layer.handleRequest (C:\\Users\\Akira\\Documents\\SpotFix\\TetraHire\\server\\node_modules\\router\\lib\\layer.js:152:17)\n    at trimPrefix (C:\\Users\\Akira\\Documents\\SpotFix\\TetraHire\\server\\node_modules\\router\\index.js:342:13)\n    at C:\\Users\\Akira\\Documents\\SpotFix\\TetraHire\\server\\node_modules\\router\\index.js:297:9\n    at processParams (C:\\Users\\Akira\\Documents\\SpotFix\\TetraHire\\server\\node_modules\\router\\index.js:582:12)\n    at next (C:\\Users\\Akira\\Documents\\SpotFix\\TetraHire\\server\\node_modules\\router\\index.js:291:5)\n    at router.handle (C:\\Users\\Akira\\Documents\\SpotFix\\TetraHire\\server\\node_modules\\router\\index.js:186:3)","timestamp":"2026-06-29 21:17:30"}
{"ip":"::1","level":"error","message":"POST /api/auth/refresh-token - 500 - getaddrinfo ENOTFOUND ac-zclsx0c-shard-00-02.8yiik87.mongodb.net","service":"tetrahire","stack":"MongoServerSelectionError: getaddrinfo ENOTFOUND ac-zclsx0c-shard-00-02.8yiik87.mongodb.net\n    at Topology.selectServer (C:\\Users\\Akira\\Documents\\SpotFix\\TetraHire\\server\\node_modules\\mongoose\\node_modules\\mongodb\\lib\\sdam\\topology.js:348:38)\n    at async executeOperationWithRetries (C:\\Users\\Akira\\Documents\\SpotFix\\TetraHire\\server\\node_modules\\mongoose\\node_modules\\mongodb\\lib\\operations\\execute_operation.js:157:18)\n    at async executeOperation (C:\\Users\\Akira\\Documents\\SpotFix\\TetraHire\\server\\node_modules\\mongoose\\node_modules\\mongodb\\lib\\operations\\execute_operation.js:83:16)\n    at async FindCursor._initialize (C:\\Users\\Akira\\Documents\\SpotFix\\TetraHire\\server\\node_modules\\mongoose\\node_modules\\mongodb\\lib\\cursor\\find_cursor.js:62:26)\n    at async FindCursor.cursorInit (C:\\Users\\Akira\\Documents\\SpotFix\\TetraHire\\server\\node_modules\\mongoose\\node_modules\\mongodb\\lib\\cursor\\abstract_cursor.js:620:27)\n    at async FindCursor.fetchBatch (C:\\Users\\Akira\\Documents\\SpotFix\\TetraHire\\server\\node_modules\\mongoose\\node_modules\\mongodb\\lib\\cursor\\abstract_cursor.js:654:13)\n    at async FindCursor.next (C:\\Users\\Akira\\Documents\\SpotFix\\TetraHire\\server\\node_modules\\mongoose\\node_modules\\mongodb\\lib\\cursor\\abstract_cursor.js:326:17)\n    at async Collection.findOne (C:\\Users\\Akira\\Documents\\SpotFix\\TetraHire\\server\\node_modules\\mongoose\\node_modules\\mongodb\\lib\\collection.js:313:24)\n    at async model.Query._findOne (C:\\Users\\Akira\\Documents\\SpotFix\\TetraHire\\server\\node_modules\\mongoose\\lib\\query.js:2773:15)\n    at async maybeTracedQueryExec (C:\\Users\\Akira\\Documents\\SpotFix\\TetraHire\\server\\node_modules\\mongoose\\lib\\query.js:4801:65)","timestamp":"2026-06-29 21:17:40"}
{"level":"error","message":"[Scheduler Error] Job expiry check failed: getaddrinfo ENOTFOUND ac-zclsx0c-shard-00-02.8yiik87.mongodb.net","service":"tetrahire","timestamp":"2026-06-29 21:18:10"}
{"level":"error","message":"[Scheduler Error] Job expiry check failed: getaddrinfo ENOTFOUND ac-zclsx0c-shard-00-02.8yiik87.mongodb.net","service":"tetrahire","timestamp":"2026-06-29 21:19:10"}
{"level":"error","message":"[Scheduler Error] Job expiry check failed: getaddrinfo ENOTFOUND ac-zclsx0c-shard-00-02.8yiik87.mongodb.net","service":"tetrahire","timestamp":"2026-06-29 21:20:10"}
{"level":"error","message":"[Scheduler Error] Job expiry check failed: getaddrinfo ENOTFOUND ac-zclsx0c-shard-00-02.8yiik87.mongodb.net","service":"tetrahire","timestamp":"2026-06-29 21:21:10"}
{"level":"error","message":"[Scheduler Error] Job expiry check failed: getaddrinfo ENOTFOUND ac-zclsx0c-shard-00-02.8yiik87.mongodb.net","service":"tetrahire","timestamp":"2026-06-29 21:22:10"}
{"level":"error","message":"[Scheduler Error] Job expiry check failed: getaddrinfo ENOTFOUND ac-zclsx0c-shard-00-02.8yiik87.mongodb.net","service":"tetrahire","timestamp":"2026-06-29 21:23:10"}
{"level":"error","message":"[Scheduler Error] Job expiry check failed: getaddrinfo ENOTFOUND ac-zclsx0c-shard-00-02.8yiik87.mongodb.net","service":"tetrahire","timestamp":"2026-06-29 21:24:10"}
{"level":"error","message":"[Scheduler Error] Job expiry check failed: getaddrinfo ENOTFOUND ac-zclsx0c-shard-00-02.8yiik87.mongodb.net","service":"tetrahire","timestamp":"2026-06-29 21:25:10"}
{"level":"error","message":"[Scheduler Error] Job expiry check failed: getaddrinfo ENOTFOUND ac-zclsx0c-shard-00-02.8yiik87.mongodb.net","service":"tetrahire","timestamp":"2026-06-29 21:26:10"}
{"level":"error","message":"[Scheduler Error] Job expiry check failed: getaddrinfo ENOTFOUND ac-zclsx0c-shard-00-02.8yiik87.mongodb.net","service":"tetrahire","timestamp":"2026-06-29 21:27:10"}
{"level":"error","message":"[Scheduler Error] Job expiry check failed: getaddrinfo ENOTFOUND ac-zclsx0c-shard-00-02.8yiik87.mongodb.net","service":"tetrahire","timestamp":"2026-06-29 21:28:10"}
{"level":"error","message":"[Scheduler Error] Job expiry check failed: getaddrinfo ENOTFOUND ac-zclsx0c-shard-00-02.8yiik87.mongodb.net","service":"tetrahire","timestamp":"2026-06-29 21:29:10"}
{"level":"error","message":"[Scheduler Error] Job expiry check failed: getaddrinfo ENOTFOUND ac-zclsx0c-shard-00-02.8yiik87.mongodb.net","service":"tetrahire","timestamp":"2026-06-29 21:30:10"}
{"level":"error","message":"[Scheduler Error] Job expiry check failed: getaddrinfo ENOTFOUND ac-zclsx0c-shard-00-02.8yiik87.mongodb.net","service":"tetrahire","timestamp":"2026-06-29 21:31:10"}
{"level":"error","message":"[Scheduler Error] Job expiry check failed: getaddrinfo ENOTFOUND ac-zclsx0c-shard-00-02.8yiik87.mongodb.net","service":"tetrahire","timestamp":"2026-06-29 21:32:10"}
{"level":"error","message":"[Scheduler Error] Job expiry check failed: getaddrinfo ENOTFOUND ac-zclsx0c-shard-00-02.8yiik87.mongodb.net","service":"tetrahire","timestamp":"2026-06-29 21:33:10"}
{"level":"error","message":"[Scheduler Error] Job expiry check failed: getaddrinfo ENOTFOUND ac-zclsx0c-shard-00-02.8yiik87.mongodb.net","service":"tetrahire","timestamp":"2026-06-29 21:34:10"}
{"level":"error","message":"[Scheduler Error] Job expiry check failed: getaddrinfo ENOTFOUND ac-zclsx0c-shard-00-02.8yiik87.mongodb.net","service":"tetrahire","timestamp":"2026-06-29 21:35:10"}
{"level":"error","message":"[Scheduler Error] Job expiry check failed: getaddrinfo ENOTFOUND ac-zclsx0c-shard-00-02.8yiik87.mongodb.net","service":"tetrahire","timestamp":"2026-06-29 21:36:10"}
{"level":"error","message":"[Scheduler Error] Job expiry check failed: getaddrinfo ENOTFOUND ac-zclsx0c-shard-00-02.8yiik87.mongodb.net","service":"tetrahire","timestamp":"2026-06-29 21:37:10"}
{"level":"error","message":"[Scheduler Error] Job expiry check failed: getaddrinfo ENOTFOUND ac-zclsx0c-shard-00-02.8yiik87.mongodb.net","service":"tetrahire","timestamp":"2026-06-29 21:38:10"}
{"level":"error","message":"[Scheduler Error] Job expiry check failed: getaddrinfo ENOTFOUND ac-zclsx0c-shard-00-02.8yiik87.mongodb.net","service":"tetrahire","timestamp":"2026-06-29 21:39:10"}
{"level":"error","message":"[Scheduler Error] Job expiry check failed: getaddrinfo ENOTFOUND ac-zclsx0c-shard-00-02.8yiik87.mongodb.net","service":"tetrahire","timestamp":"2026-06-29 21:40:10"}
{"level":"error","message":"[Scheduler Error] Job expiry check failed: getaddrinfo ENOTFOUND ac-zclsx0c-shard-00-02.8yiik87.mongodb.net","service":"tetrahire","timestamp":"2026-06-29 21:41:10"}
{"level":"error","message":"[Scheduler Error] Job expiry check failed: getaddrinfo ENOTFOUND ac-zclsx0c-shard-00-02.8yiik87.mongodb.net","service":"tetrahire","timestamp":"2026-06-29 21:42:10"}
{"level":"error","message":"[Scheduler Error] Job expiry check failed: getaddrinfo ENOTFOUND ac-zclsx0c-shard-00-02.8yiik87.mongodb.net","service":"tetrahire","timestamp":"2026-06-29 21:43:10"}
{"level":"error","message":"[Scheduler Error] Job expiry check failed: getaddrinfo ENOTFOUND ac-zclsx0c-shard-00-02.8yiik87.mongodb.net","service":"tetrahire","timestamp":"2026-06-29 21:44:10"}
{"level":"error","message":"[Scheduler Error] Job expiry check failed: getaddrinfo ENOTFOUND ac-zclsx0c-shard-00-02.8yiik87.mongodb.net","service":"tetrahire","timestamp":"2026-06-29 21:45:10"}
{"level":"error","message":"[Scheduler Error] Job expiry check failed: getaddrinfo ENOTFOUND ac-zclsx0c-shard-00-02.8yiik87.mongodb.net","service":"tetrahire","timestamp":"2026-06-29 21:46:10"}
{"level":"error","message":"[Scheduler Error] Job expiry check failed: getaddrinfo ENOTFOUND ac-zclsx0c-shard-00-02.8yiik87.mongodb.net","service":"tetrahire","timestamp":"2026-06-29 21:47:10"}
{"level":"error","message":"[Scheduler Error] Job expiry check failed: getaddrinfo ENOTFOUND ac-zclsx0c-shard-00-02.8yiik87.mongodb.net","service":"tetrahire","timestamp":"2026-06-29 21:48:10"}
{"level":"error","message":"[Scheduler Error] Job expiry check failed: getaddrinfo ENOTFOUND ac-zclsx0c-shard-00-02.8yiik87.mongodb.net","service":"tetrahire","timestamp":"2026-06-29 21:49:10"}
{"level":"error","message":"[Scheduler Error] Job expiry check failed: getaddrinfo ENOTFOUND ac-zclsx0c-shard-00-02.8yiik87.mongodb.net","service":"tetrahire","timestamp":"2026-06-29 21:50:10"}
{"level":"error","message":"[Scheduler Error] Job expiry check failed: getaddrinfo ENOTFOUND ac-zclsx0c-shard-00-02.8yiik87.mongodb.net","service":"tetrahire","timestamp":"2026-06-29 21:51:10"}
{"level":"error","message":"[Scheduler Error] Job expiry check failed: getaddrinfo ENOTFOUND ac-zclsx0c-shard-00-02.8yiik87.mongodb.net","service":"tetrahire","timestamp":"2026-06-29 21:52:10"}
{"level":"error","message":"[Scheduler Error] Job expiry check failed: getaddrinfo ENOTFOUND ac-zclsx0c-shard-00-02.8yiik87.mongodb.net","service":"tetrahire","timestamp":"2026-06-29 21:53:10"}
{"level":"error","message":"[Scheduler Error] Job expiry check failed: getaddrinfo ENOTFOUND ac-zclsx0c-shard-00-02.8yiik87.mongodb.net","service":"tetrahire","timestamp":"2026-06-29 21:54:10"}
{"level":"error","message":"[Scheduler Error] Job expiry check failed: getaddrinfo ENOTFOUND ac-zclsx0c-shard-00-02.8yiik87.mongodb.net","service":"tetrahire","timestamp":"2026-06-29 21:55:10"}
{"level":"error","message":"[Scheduler Error] Job expiry check failed: getaddrinfo ENOTFOUND ac-zclsx0c-shard-00-02.8yiik87.mongodb.net","service":"tetrahire","timestamp":"2026-06-29 21:56:10"}
{"level":"error","message":"[Scheduler Error] Job expiry check failed: getaddrinfo ENOTFOUND ac-zclsx0c-shard-00-02.8yiik87.mongodb.net","service":"tetrahire","timestamp":"2026-06-29 21:57:10"}
{"level":"info","message":"[Scheduler] Job expiry check scheduler initialized (running every minute).","service":"tetrahire","timestamp":"2026-06-30 14:02:37"}
{"level":"info","message":"Server running on PORT 5000","service":"tetrahire","timestamp":"2026-06-30 14:02:37"}
{"level":"error","message":"Database connection error: Could not connect to any servers in your MongoDB Atlas cluster. One common reason is that you're trying to access the database from an IP that isn't whitelisted. Make sure your current IP address is on your Atlas cluster's IP whitelist: https://www.mongodb.com/docs/atlas/security-whitelist/","service":"tetrahire","timestamp":"2026-06-30 14:02:49"}
{"level":"info","message":"[Scheduler] Job expiry check scheduler initialized (running every minute).","service":"tetrahire","timestamp":"2026-07-01 11:54:48"}
{"level":"info","message":"Server running on PORT 5000","service":"tetrahire","timestamp":"2026-07-01 11:54:48"}
{"level":"error","message":"Database connection error: Could not connect to any servers in your MongoDB Atlas cluster. One common reason is that you're trying to access the database from an IP that isn't whitelisted. Make sure your current IP address is on your Atlas cluster's IP whitelist: https://www.mongodb.com/docs/atlas/security-whitelist/","service":"tetrahire","timestamp":"2026-07-01 11:55:00"}
{"level":"info","message":"[Scheduler] Job expiry check scheduler initialized (running every minute).","service":"tetrahire","timestamp":"2026-07-01 13:14:42"}
{"level":"info","message":"Server running on PORT 5000","service":"tetrahire","timestamp":"2026-07-01 13:14:42"}
{"level":"error","message":"Database connection error: Could not connect to any servers in your MongoDB Atlas cluster. One common reason is that you're trying to access the database from an IP that isn't whitelisted. Make sure your current IP address is on your Atlas cluster's IP whitelist: https://www.mongodb.com/docs/atlas/security-whitelist/","service":"tetrahire","timestamp":"2026-07-01 13:14:54"}
{"level":"error","message":"[Scheduler Error] Job expiry check failed: Operation `jobs.updateMany()` buffering timed out after 10000ms","service":"tetrahire","timestamp":"2026-07-01 13:15:10"}
{"level":"error","message":"[Scheduler Error] Job expiry check failed: Operation `jobs.updateMany()` buffering timed out after 10000ms","service":"tetrahire","timestamp":"2026-07-01 13:16:10"}
{"level":"error","message":"[Scheduler Error] Job expiry check failed: Operation `jobs.updateMany()` buffering timed out after 10000ms","service":"tetrahire","timestamp":"2026-07-01 13:17:10"}
{"level":"error","message":"[Scheduler Error] Job expiry check failed: Operation `jobs.updateMany()` buffering timed out after 10000ms","service":"tetrahire","timestamp":"2026-07-01 13:18:10"}
{"level":"error","message":"[Scheduler Error] Job expiry check failed: Operation `jobs.updateMany()` buffering timed out after 10000ms","service":"tetrahire","timestamp":"2026-07-01 13:19:10"}
{"level":"error","message":"[Scheduler Error] Job expiry check failed: Operation `jobs.updateMany()` buffering timed out after 10000ms","service":"tetrahire","timestamp":"2026-07-01 13:20:10"}
{"level":"error","message":"[Scheduler Error] Job expiry check failed: Operation `jobs.updateMany()` buffering timed out after 10000ms","service":"tetrahire","timestamp":"2026-07-01 13:21:10"}
{"ip":"::1","level":"error","message":"POST /api/auth/login - 500 - Operation `users.findOne()` buffering timed out after 10000ms","service":"tetrahire","stack":"MongooseError: Operation `users.findOne()` buffering timed out after 10000ms\n    at Timeout._onTimeout (C:\\Users\\Akira\\Documents\\SpotFix\\TetraHire\\server\\node_modules\\mongoose\\lib\\drivers\\node-mongodb-native\\collection.js:142:25)\n    at listOnTimeout (node:internal/timers:605:17)\n    at process.processTimers (node:internal/timers:541:7)","timestamp":"2026-07-01 13:21:15"}
{"ip":"::1","level":"error","message":"POST /api/auth/login - 500 - Operation `users.findOne()` buffering timed out after 10000ms","service":"tetrahire","stack":"MongooseError: Operation `users.findOne()` buffering timed out after 10000ms\n    at Timeout._onTimeout (C:\\Users\\Akira\\Documents\\SpotFix\\TetraHire\\server\\node_modules\\mongoose\\lib\\drivers\\node-mongodb-native\\collection.js:142:25)\n    at listOnTimeout (node:internal/timers:605:17)\n    at process.processTimers (node:internal/timers:541:7)","timestamp":"2026-07-01 13:21:39"}
{"level":"error","message":"[Scheduler Error] Job expiry check failed: Operation `jobs.updateMany()` buffering timed out after 10000ms","service":"tetrahire","timestamp":"2026-07-01 13:22:10"}
{"ip":"::1","level":"error","message":"POST /api/auth/register - 500 - Operation `users.findOne()` buffering timed out after 10000ms","service":"tetrahire","stack":"MongooseError: Operation `users.findOne()` buffering timed out after 10000ms\n    at Timeout._onTimeout (C:\\Users\\Akira\\Documents\\SpotFix\\TetraHire\\server\\node_modules\\mongoose\\lib\\drivers\\node-mongodb-native\\collection.js:142:25)\n    at listOnTimeout (node:internal/timers:605:17)\n    at process.processTimers (node:internal/timers:541:7)","timestamp":"2026-07-01 13:22:12"}
{"ip":"::1","level":"error","message":"POST /api/auth/register - 500 - Operation `users.findOne()` buffering timed out after 10000ms","service":"tetrahire","stack":"MongooseError: Operation `users.findOne()` buffering timed out after 10000ms\n    at Timeout._onTimeout (C:\\Users\\Akira\\Documents\\SpotFix\\TetraHire\\server\\node_modules\\mongoose\\lib\\drivers\\node-mongodb-native\\collection.js:142:25)\n    at listOnTimeout (node:internal/timers:605:17)\n    at process.processTimers (node:internal/timers:541:7)","timestamp":"2026-07-01 13:22:28"}
{"level":"error","message":"[Scheduler Error] Job expiry check failed: Operation `jobs.updateMany()` buffering timed out after 10000ms","service":"tetrahire","timestamp":"2026-07-01 13:23:10"}
{"ip":"::1","level":"error","message":"POST /api/auth/register - 500 - Operation `users.findOne()` buffering timed out after 10000ms","service":"tetrahire","stack":"MongooseError: Operation `users.findOne()` buffering timed out after 10000ms\n    at Timeout._onTimeout (C:\\Users\\Akira\\Documents\\SpotFix\\TetraHire\\server\\node_modules\\mongoose\\lib\\drivers\\node-mongodb-native\\collection.js:142:25)\n    at listOnTimeout (node:internal/timers:605:17)\n    at process.processTimers (node:internal/timers:541:7)","timestamp":"2026-07-01 13:23:39"}
{"ip":"::1","level":"error","message":"POST /api/auth/register - 500 - Operation `users.findOne()` buffering timed out after 10000ms","service":"tetrahire","stack":"MongooseError: Operation `users.findOne()` buffering timed out after 10000ms\n    at Timeout._onTimeout (C:\\Users\\Akira\\Documents\\SpotFix\\TetraHire\\server\\node_modules\\mongoose\\lib\\drivers\\node-mongodb-native\\collection.js:142:25)\n    at listOnTimeout (node:internal/timers:605:17)\n    at process.processTimers (node:internal/timers:541:7)","timestamp":"2026-07-01 13:23:59"}
{"level":"error","message":"[Scheduler Error] Job expiry check failed: Operation `jobs.updateMany()` buffering timed out after 10000ms","service":"tetrahire","timestamp":"2026-07-01 13:24:10"}
{"level":"error","message":"[Scheduler Error] Job expiry check failed: Operation `jobs.updateMany()` buffering timed out after 10000ms","service":"tetrahire","timestamp":"2026-07-01 13:25:10"}
{"level":"error","message":"[Scheduler Error] Job expiry check failed: Operation `jobs.updateMany()` buffering timed out after 10000ms","service":"tetrahire","timestamp":"2026-07-01 13:26:10"}
{"level":"error","message":"[Scheduler Error] Job expiry check failed: Operation `jobs.updateMany()` buffering timed out after 10000ms","service":"tetrahire","timestamp":"2026-07-01 13:27:10"}
{"level":"error","message":"[Scheduler Error] Job expiry check failed: Operation `jobs.updateMany()` buffering timed out after 10000ms","service":"tetrahire","timestamp":"2026-07-01 13:28:10"}
{"ip":"::1","level":"error","message":"POST /api/auth/register - 500 - Operation `users.findOne()` buffering timed out after 10000ms","service":"tetrahire","stack":"MongooseError: Operation `users.findOne()` buffering timed out after 10000ms\n    at Timeout._onTimeout (C:\\Users\\Akira\\Documents\\SpotFix\\TetraHire\\server\\node_modules\\mongoose\\lib\\drivers\\node-mongodb-native\\collection.js:142:25)\n    at listOnTimeout (node:internal/timers:605:17)\n    at process.processTimers (node:internal/timers:541:7)","timestamp":"2026-07-01 13:28:21"}
{"ip":"::1","level":"error","message":"POST /api/auth/register - 500 - Operation `users.findOne()` buffering timed out after 10000ms","service":"tetrahire","stack":"MongooseError: Operation `users.findOne()` buffering timed out after 10000ms\n    at Timeout._onTimeout (C:\\Users\\Akira\\Documents\\SpotFix\\TetraHire\\server\\node_modules\\mongoose\\lib\\drivers\\node-mongodb-native\\collection.js:142:25)\n    at listOnTimeout (node:internal/timers:605:17)\n    at process.processTimers (node:internal/timers:541:7)","timestamp":"2026-07-01 13:28:50"}
{"level":"error","message":"[Scheduler Error] Job expiry check failed: Operation `jobs.updateMany()` buffering timed out after 10000ms","service":"tetrahire","timestamp":"2026-07-01 13:29:10"}
{"level":"error","message":"[Scheduler Error] Job expiry check failed: Operation `jobs.updateMany()` buffering timed out after 10000ms","service":"tetrahire","timestamp":"2026-07-01 13:30:10"}
{"level":"error","message":"[Scheduler Error] Job expiry check failed: Operation `jobs.updateMany()` buffering timed out after 10000ms","service":"tetrahire","timestamp":"2026-07-01 13:31:10"}
{"level":"error","message":"Database connection error: Could not connect to any servers in your MongoDB Atlas cluster. One common reason is that you're trying to access the database from an IP that isn't whitelisted. Make sure your current IP address is on your Atlas cluster's IP whitelist: https://www.mongodb.com/docs/atlas/security-whitelist/","service":"tetrahire","timestamp":"2026-07-01 13:33:07"}
